<?xml version="1.0" encoding="UTF-8"?>
<testng-results ignored="0" total="1" passed="1" failed="0" skipped="0">
  <reporter-output>
  </reporter-output>
  <suite started-at="2023-09-08T16:55:37 IST" name="Default suite" finished-at="2023-09-08T16:55:37 IST" duration-ms="76">
    <groups>
    </groups>
    <test started-at="2023-09-08T16:55:37 IST" name="Default test" finished-at="2023-09-08T16:55:37 IST" duration-ms="76">
      <class name="SeleniumJava.WebUiTesting.LearnString">
        <test-method signature="stringProgram()[pri:0, instance:SeleniumJava.WebUiTesting.LearnString@5ab956d7]" started-at="2023-09-08T16:55:37 IST" name="stringProgram" finished-at="2023-09-08T16:55:37 IST" duration-ms="14" status="PASS">
          <reporter-output>
          </reporter-output>
        </test-method> <!-- stringProgram -->
      </class> <!-- SeleniumJava.WebUiTesting.LearnString -->
    </test> <!-- Default test -->
  </suite> <!-- Default suite -->
</testng-results>
